{"C:\\Users\\Estudiantes\\Documents\\Grupal\\proyectogrupal_2026_Moto_aleman\\src\\test\\registroProducto.js": {"path":"C:\\Users\\Estudiantes\\Documents\\Grupal\\proyectogrupal_2026_Moto_aleman\\src\\test\\registroProducto.js","statementMap":{"0":{"start":{"line":1,"column":21},"end":{"line":1,"column":58}},"1":{"start":{"line":4,"column":17},"end":{"line":4,"column":19}},"2":{"start":{"line":5,"column":2},"end":{"line":8,"column":3}},"3":{"start":{"line":6,"column":4},"end":{"line":6,"column":37}},"4":{"start":{"line":7,"column":4},"end":{"line":7,"column":36}},"5":{"start":{"line":10,"column":2},"end":{"line":12,"column":3}},"6":{"start":{"line":11,"column":4},"end":{"line":11,"column":44}},"7":{"start":{"line":14,"column":2},"end":{"line":16,"column":3}},"8":{"start":{"line":15,"column":4},"end":{"line":15,"column":49}},"9":{"start":{"line":18,"column":2},"end":{"line":20,"column":3}},"10":{"start":{"line":19,"column":4},"end":{"line":19,"column":59}},"11":{"start":{"line":22,"column":2},"end":{"line":24,"column":3}},"12":{"start":{"line":23,"column":4},"end":{"line":23,"column":67}},"13":{"start":{"line":26,"column":2},"end":{"line":28,"column":3}},"14":{"start":{"line":27,"column":4},"end":{"line":27,"column":66}},"15":{"start":{"line":30,"column":2},"end":{"line":32,"column":3}},"16":{"start":{"line":31,"column":4},"end":{"line":31,"column":57}},"17":{"start":{"line":34,"column":2},"end":{"line":34,"column":48}},"18":{"start":{"line":38,"column":28},"end":{"line":38,"column":54}},"19":{"start":{"line":39,"column":2},"end":{"line":39,"column":48}},"20":{"start":{"line":39,"column":14},"end":{"line":39,"column":48}},"21":{"start":{"line":41,"column":26},"end":{"line":41,"column":77}},"22":{"start":{"line":42,"column":2},"end":{"line":42,"column":81}},"23":{"start":{"line":42,"column":13},"end":{"line":42,"column":81}},"24":{"start":{"line":43,"column":2},"end":{"line":43,"column":33}},"25":{"start":{"line":46,"column":0},"end":{"line":46,"column":56}}},"fnMap":{"0":{"name":"validateProducto","decl":{"start":{"line":3,"column":9},"end":{"line":3,"column":25}},"loc":{"start":{"line":3,"column":36},"end":{"line":35,"column":1}},"line":3},"1":{"name":"registerProducto","decl":{"start":{"line":37,"column":15},"end":{"line":37,"column":31}},"loc":{"start":{"line":37,"column":42},"end":{"line":44,"column":1}},"line":37}},"branchMap":{"0":{"loc":{"start":{"line":5,"column":2},"end":{"line":8,"column":3}},"type":"if","locations":[{"start":{"line":5,"column":2},"end":{"line":8,"column":3}},{"start":{},"end":{}}],"line":5},"1":{"loc":{"start":{"line":10,"column":2},"end":{"line":12,"column":3}},"type":"if","locations":[{"start":{"line":10,"column":2},"end":{"line":12,"column":3}},{"start":{},"end":{}}],"line":10},"2":{"loc":{"start":{"line":10,"column":6},"end":{"line":10,"column":67}},"type":"binary-expr","locations":[{"start":{"line":10,"column":6},"end":{"line":10,"column":24}},{"start":{"line":10,"column":28},"end":{"line":10,"column":67}}],"line":10},"3":{"loc":{"start":{"line":14,"column":2},"end":{"line":16,"column":3}},"type":"if","locations":[{"start":{"line":14,"column":2},"end":{"line":16,"column":3}},{"start":{},"end":{}}],"line":14},"4":{"loc":{"start":{"line":14,"column":6},"end":{"line":14,"column":73}},"type":"binary-expr","locations":[{"start":{"line":14,"column":6},"end":{"line":14,"column":27}},{"start":{"line":14,"column":31},"end":{"line":14,"column":73}}],"line":14},"5":{"loc":{"start":{"line":18,"column":2},"end":{"line":20,"column":3}},"type":"if","locations":[{"start":{"line":18,"column":2},"end":{"line":20,"column":3}},{"start":{},"end":{}}],"line":18},"6":{"loc":{"start":{"line":18,"column":6},"end":{"line":18,"column":93}},"type":"binary-expr","locations":[{"start":{"line":18,"column":6},"end":{"line":18,"column":31}},{"start":{"line":18,"column":35},"end":{"line":18,"column":59}},{"start":{"line":18,"column":63},"end":{"line":18,"column":93}}],"line":18},"7":{"loc":{"start":{"line":22,"column":2},"end":{"line":24,"column":3}},"type":"if","locations":[{"start":{"line":22,"column":2},"end":{"line":24,"column":3}},{"start":{},"end":{}}],"line":22},"8":{"loc":{"start":{"line":22,"column":6},"end":{"line":22,"column":105}},"type":"binary-expr","locations":[{"start":{"line":22,"column":6},"end":{"line":22,"column":35}},{"start":{"line":22,"column":39},"end":{"line":22,"column":67}},{"start":{"line":22,"column":71},"end":{"line":22,"column":105}}],"line":22},"9":{"loc":{"start":{"line":26,"column":2},"end":{"line":28,"column":3}},"type":"if","locations":[{"start":{"line":26,"column":2},"end":{"line":28,"column":3}},{"start":{},"end":{}}],"line":26},"10":{"loc":{"start":{"line":26,"column":6},"end":{"line":26,"column":102}},"type":"binary-expr","locations":[{"start":{"line":26,"column":6},"end":{"line":26,"column":34}},{"start":{"line":26,"column":38},"end":{"line":26,"column":65}},{"start":{"line":26,"column":69},"end":{"line":26,"column":102}}],"line":26},"11":{"loc":{"start":{"line":30,"column":2},"end":{"line":32,"column":3}},"type":"if","locations":[{"start":{"line":30,"column":2},"end":{"line":32,"column":3}},{"start":{},"end":{}}],"line":30},"12":{"loc":{"start":{"line":39,"column":2},"end":{"line":39,"column":48}},"type":"if","locations":[{"start":{"line":39,"column":2},"end":{"line":39,"column":48}},{"start":{},"end":{}}],"line":39},"13":{"loc":{"start":{"line":42,"column":2},"end":{"line":42,"column":81}},"type":"if","locations":[{"start":{"line":42,"column":2},"end":{"line":42,"column":81}},{"start":{},"end":{}}],"line":42},"14":{"loc":{"start":{"line":42,"column":47},"end":{"line":42,"column":77}},"type":"binary-expr","locations":[{"start":{"line":42,"column":47},"end":{"line":42,"column":60}},{"start":{"line":42,"column":64},"end":{"line":42,"column":77}}],"line":42}},"s":{"0":1,"1":4,"2":4,"3":0,"4":0,"5":4,"6":1,"7":4,"8":1,"9":4,"10":1,"11":4,"12":1,"13":4,"14":1,"15":4,"16":1,"17":4,"18":1,"19":1,"20":0,"21":1,"22":1,"23":0,"24":1,"25":1},"f":{"0":4,"1":1},"b":{"0":[0,4],"1":[1,3],"2":[4,3],"3":[1,3],"4":[4,3],"5":[1,3],"6":[4,4,4],"7":[1,3],"8":[4,4,4],"9":[1,3],"10":[4,4,4],"11":[1,3],"12":[0,1],"13":[0,1],"14":[0,0]},"_coverageSchema":"1a1c01bbd47fc00a2c39e90264f33305004495a9","hash":"ad16c35ddbb7462ac55f8deb763a6fd15bc0c8cd"}
,"C:\\Users\\Estudiantes\\Documents\\Grupal\\proyectogrupal_2026_Moto_aleman\\src\\test\\suma.js": {"path":"C:\\Users\\Estudiantes\\Documents\\Grupal\\proyectogrupal_2026_Moto_aleman\\src\\test\\suma.js","statementMap":{"0":{"start":{"line":3,"column":2},"end":{"line":3,"column":15}},"1":{"start":{"line":5,"column":0},"end":{"line":5,"column":22}}},"fnMap":{"0":{"name":"suma","decl":{"start":{"line":2,"column":9},"end":{"line":2,"column":13}},"loc":{"start":{"line":2,"column":20},"end":{"line":4,"column":1}},"line":2}},"branchMap":{},"s":{"0":1,"1":1},"f":{"0":1},"b":{},"_coverageSchema":"1a1c01bbd47fc00a2c39e90264f33305004495a9","hash":"16878ac49640d5180a8317c27d53e5530be000b6"}
}
