TN:
SF:src\test\Rventas.js
FN:3,validarVenta
FN:43,construirVenta
FNF:2
FNH:2
FNDA:3,validarVenta
FNDA:1,construirVenta
DA:4,3
DA:6,3
DA:7,0
DA:8,0
DA:12,3
DA:13,0
DA:14,3
DA:15,2
DA:19,3
DA:20,0
DA:21,3
DA:22,0
DA:26,3
DA:27,0
DA:28,3
DA:29,0
DA:33,3
DA:34,0
DA:35,3
DA:37,0
DA:40,3
DA:44,1
DA:52,1
LF:23
LH:14
BRDA:6,0,0,0
BRDA:6,0,1,3
BRDA:12,1,0,0
BRDA:12,1,1,3
BRDA:12,2,0,3
BRDA:12,2,1,3
BRDA:14,3,0,2
BRDA:14,3,1,1
BRDA:14,4,0,3
BRDA:14,4,1,2
BRDA:19,5,0,0
BRDA:19,5,1,3
BRDA:19,6,0,3
BRDA:19,6,1,3
BRDA:21,7,0,0
BRDA:21,7,1,3
BRDA:21,8,0,3
BRDA:21,8,1,3
BRDA:26,9,0,0
BRDA:26,9,1,3
BRDA:26,10,0,3
BRDA:26,10,1,3
BRDA:28,11,0,0
BRDA:28,11,1,3
BRDA:28,12,0,3
BRDA:28,12,1,3
BRDA:33,13,0,0
BRDA:33,13,1,3
BRDA:33,14,0,3
BRDA:33,14,1,3
BRDA:35,15,0,0
BRDA:35,15,1,3
BRDA:35,16,0,3
BRDA:35,16,1,0
BRDA:35,16,2,0
BRDA:48,17,0,1
BRDA:48,17,1,0
BRF:37
BRH:26
end_of_record
TN:
SF:src\test\registroProducto.js
FN:3,validateProducto
FN:43,registerProducto
FNF:2
FNH:2
FNDA:4,validateProducto
FNDA:1,registerProducto
DA:1,1
DA:4,4
DA:6,4
DA:7,0
DA:8,0
DA:12,4
DA:13,0
DA:14,4
DA:15,1
DA:19,4
DA:20,0
DA:21,4
DA:22,0
DA:26,4
DA:27,0
DA:28,4
DA:29,0
DA:33,4
DA:34,1
DA:35,3
DA:37,0
DA:40,4
DA:44,1
DA:45,1
DA:47,1
DA:48,1
DA:49,0
DA:50,1
DA:53,1
LF:29
LH:20
BRDA:6,0,0,0
BRDA:6,0,1,4
BRDA:12,1,0,0
BRDA:12,1,1,4
BRDA:12,2,0,4
BRDA:12,2,1,4
BRDA:14,3,0,1
BRDA:14,3,1,3
BRDA:14,4,0,4
BRDA:14,4,1,4
BRDA:19,5,0,0
BRDA:19,5,1,4
BRDA:19,6,0,4
BRDA:19,6,1,4
BRDA:21,7,0,0
BRDA:21,7,1,4
BRDA:21,8,0,4
BRDA:21,8,1,4
BRDA:26,9,0,0
BRDA:26,9,1,4
BRDA:26,10,0,4
BRDA:26,10,1,4
BRDA:28,11,0,0
BRDA:28,11,1,4
BRDA:28,12,0,4
BRDA:28,12,1,4
BRDA:33,13,0,1
BRDA:33,13,1,3
BRDA:33,14,0,4
BRDA:33,14,1,3
BRDA:35,15,0,0
BRDA:35,15,1,3
BRDA:35,16,0,3
BRDA:35,16,1,0
BRDA:35,16,2,0
BRDA:45,17,0,0
BRDA:45,17,1,1
BRDA:48,18,0,0
BRDA:48,18,1,1
BRDA:49,19,0,0
BRDA:49,19,1,0
BRF:41
BRH:28
end_of_record
