TN:
SF:src\test\registroProducto.js
FN:3,validateProducto
FN:37,registerProducto
FNF:2
FNH:2
FNDA:4,validateProducto
FNDA:1,registerProducto
DA:1,1
DA:4,4
DA:5,4
DA:6,0
DA:7,0
DA:10,4
DA:11,1
DA:14,4
DA:15,1
DA:18,4
DA:19,1
DA:22,4
DA:23,1
DA:26,4
DA:27,1
DA:30,4
DA:31,1
DA:34,4
DA:38,1
DA:39,1
DA:41,1
DA:42,1
DA:43,1
DA:46,1
LF:24
LH:22
BRDA:5,0,0,0
BRDA:5,0,1,4
BRDA:10,1,0,1
BRDA:10,1,1,3
BRDA:10,2,0,4
BRDA:10,2,1,3
BRDA:14,3,0,1
BRDA:14,3,1,3
BRDA:14,4,0,4
BRDA:14,4,1,3
BRDA:18,5,0,1
BRDA:18,5,1,3
BRDA:18,6,0,4
BRDA:18,6,1,4
BRDA:18,6,2,4
BRDA:22,7,0,1
BRDA:22,7,1,3
BRDA:22,8,0,4
BRDA:22,8,1,4
BRDA:22,8,2,4
BRDA:26,9,0,1
BRDA:26,9,1,3
BRDA:26,10,0,4
BRDA:26,10,1,4
BRDA:26,10,2,4
BRDA:30,11,0,1
BRDA:30,11,1,3
BRDA:39,12,0,0
BRDA:39,12,1,1
BRDA:42,13,0,0
BRDA:42,13,1,1
BRDA:42,14,0,0
BRDA:42,14,1,0
BRF:33
BRH:28
end_of_record
TN:
SF:src\test\suma.js
FN:2,suma
FNF:1
FNH:1
FNDA:1,suma
DA:3,1
DA:5,1
LF:2
LH:2
BRF:0
BRH:0
end_of_record
